2021-06-16 14:31:26.768  INFO 14080 --- [restartedMain] c.a.s.g.GeneracionTurnosApplication      : Starting GeneracionTurnosApplication using Java 15.0.2 on ASW4623 with PID 14080 (C:\Users\wsierra\OneDrive - Asesoftware S.A.S\Documentos\Plan semilla\Reto 1\generacionTurnos\target\classes started by wsierra in C:\Users\wsierra\OneDrive - Asesoftware S.A.S\Documentos\Plan semilla\Reto 1\generacionTurnos)
2021-06-16 14:31:26.769  INFO 14080 --- [restartedMain] c.a.s.g.GeneracionTurnosApplication      : No active profile set, falling back to default profiles: default
2021-06-16 14:31:26.893  INFO 14080 --- [restartedMain] .s.d.r.c.RepositoryConfigurationDelegate : Bootstrapping Spring Data JPA repositories in DEFAULT mode.
2021-06-16 14:31:26.911  INFO 14080 --- [restartedMain] .s.d.r.c.RepositoryConfigurationDelegate : Finished Spring Data repository scanning in 16 ms. Found 3 JPA repository interfaces.
2021-06-16 14:31:26.965  INFO 14080 --- [restartedMain] o.s.b.w.embedded.tomcat.TomcatWebServer  : Tomcat initialized with port(s): 9001 (http)
2021-06-16 14:31:26.966  INFO 14080 --- [restartedMain] o.apache.catalina.core.StandardService   : Starting service [Tomcat]
2021-06-16 14:31:26.966  INFO 14080 --- [restartedMain] org.apache.catalina.core.StandardEngine  : Starting Servlet engine: [Apache Tomcat/9.0.46]
2021-06-16 14:31:26.983  INFO 14080 --- [restartedMain] o.a.c.c.C.[Tomcat-1].[localhost].[/]     : Initializing Spring embedded WebApplicationContext
2021-06-16 14:31:26.983  INFO 14080 --- [restartedMain] w.s.c.ServletWebServerApplicationContext : Root WebApplicationContext: initialization completed in 212 ms
2021-06-16 14:31:27.003  INFO 14080 --- [restartedMain] com.zaxxer.hikari.HikariDataSource       : HikariPool-11 - Starting...
2021-06-16 14:31:27.005  INFO 14080 --- [restartedMain] com.zaxxer.hikari.HikariDataSource       : HikariPool-11 - Start completed.
2021-06-16 14:31:27.013  INFO 14080 --- [restartedMain] o.hibernate.jpa.internal.util.LogHelper  : HHH000204: Processing PersistenceUnitInfo [name: default]
2021-06-16 14:31:27.016  INFO 14080 --- [restartedMain] org.hibernate.dialect.Dialect            : HHH000400: Using dialect: org.hibernate.dialect.MySQL55Dialect
2021-06-16 14:31:27.039  INFO 14080 --- [restartedMain] o.h.e.t.j.p.i.JtaPlatformInitiator       : HHH000490: Using JtaPlatform implementation: [org.hibernate.engine.transaction.jta.platform.internal.NoJtaPlatform]
2021-06-16 14:31:27.039  INFO 14080 --- [restartedMain] j.LocalContainerEntityManagerFactoryBean : Initialized JPA EntityManagerFactory for persistence unit 'default'
2021-06-16 14:31:27.121  WARN 14080 --- [restartedMain] JpaBaseConfiguration$JpaWebConfiguration : spring.jpa.open-in-view is enabled by default. Therefore, database queries may be performed during view rendering. Explicitly configure spring.jpa.open-in-view to disable this warning
2021-06-16 14:31:27.205  INFO 14080 --- [restartedMain] o.s.b.d.a.OptionalLiveReloadServer       : LiveReload server is running on port 35729
2021-06-16 14:31:27.216  INFO 14080 --- [restartedMain] o.s.b.w.embedded.tomcat.TomcatWebServer  : Tomcat started on port(s): 9001 (http) with context path ''
2021-06-16 14:31:27.220  INFO 14080 --- [restartedMain] c.a.s.g.GeneracionTurnosApplication      : Started GeneracionTurnosApplication in 0.485 seconds (JVM running for 2433.843)
2021-06-16 14:31:27.221  INFO 14080 --- [restartedMain] o.s.b.a.ApplicationAvailabilityBean      : Application availability state LivenessState changed to CORRECT
2021-06-16 14:31:27.223  INFO 14080 --- [restartedMain] .ConditionEvaluationDeltaLoggingListener : Condition evaluation unchanged
2021-06-16 14:31:27.223  INFO 14080 --- [restartedMain] o.s.b.a.ApplicationAvailabilityBean      : Application availability state ReadinessState changed to ACCEPTING_TRAFFIC
2021-06-16 14:36:52.204  INFO 14080 --- [Thread-52] o.s.b.a.ApplicationAvailabilityBean      : Application availability state ReadinessState changed from ACCEPTING_TRAFFIC to REFUSING_TRAFFIC
2021-06-16 14:36:52.226  INFO 14080 --- [Thread-52] j.LocalContainerEntityManagerFactoryBean : Closing JPA EntityManagerFactory for persistence unit 'default'
2021-06-16 14:36:52.227  INFO 14080 --- [Thread-52] com.zaxxer.hikari.HikariDataSource       : HikariPool-11 - Shutdown initiated...
2021-06-16 14:36:52.229  INFO 14080 --- [Thread-52] com.zaxxer.hikari.HikariDataSource       : HikariPool-11 - Shutdown completed.
2021-06-16 14:36:52.338  INFO 14080 --- [restartedMain] c.a.s.g.GeneracionTurnosApplication      : Starting GeneracionTurnosApplication using Java 15.0.2 on ASW4623 with PID 14080 (C:\Users\wsierra\OneDrive - Asesoftware S.A.S\Documentos\Plan semilla\Reto 1\generacionTurnos\target\classes started by wsierra in C:\Users\wsierra\OneDrive - Asesoftware S.A.S\Documentos\Plan semilla\Reto 1\generacionTurnos)
2021-06-16 14:36:52.338  INFO 14080 --- [restartedMain] c.a.s.g.GeneracionTurnosApplication      : No active profile set, falling back to default profiles: default
2021-06-16 14:36:52.850  INFO 14080 --- [restartedMain] .s.d.r.c.RepositoryConfigurationDelegate : Bootstrapping Spring Data JPA repositories in DEFAULT mode.
2021-06-16 14:36:52.900  INFO 14080 --- [restartedMain] .s.d.r.c.RepositoryConfigurationDelegate : Finished Spring Data repository scanning in 49 ms. Found 3 JPA repository interfaces.
2021-06-16 14:36:53.023  INFO 14080 --- [restartedMain] o.s.b.w.embedded.tomcat.TomcatWebServer  : Tomcat initialized with port(s): 9001 (http)
2021-06-16 14:36:53.024  INFO 14080 --- [restartedMain] o.apache.catalina.core.StandardService   : Starting service [Tomcat]
2021-06-16 14:36:53.025  INFO 14080 --- [restartedMain] org.apache.catalina.core.StandardEngine  : Starting Servlet engine: [Apache Tomcat/9.0.46]
2021-06-16 14:36:53.060  INFO 14080 --- [restartedMain] o.a.c.c.C.[Tomcat-1].[localhost].[/]     : Initializing Spring embedded WebApplicationContext
2021-06-16 14:36:53.061  INFO 14080 --- [restartedMain] w.s.c.ServletWebServerApplicationContext : Root WebApplicationContext: initialization completed in 720 ms
2021-06-16 14:36:53.104  INFO 14080 --- [restartedMain] com.zaxxer.hikari.HikariDataSource       : HikariPool-12 - Starting...
2021-06-16 14:36:53.109  INFO 14080 --- [restartedMain] com.zaxxer.hikari.HikariDataSource       : HikariPool-12 - Start completed.
2021-06-16 14:36:53.124  INFO 14080 --- [restartedMain] o.hibernate.jpa.internal.util.LogHelper  : HHH000204: Processing PersistenceUnitInfo [name: default]
2021-06-16 14:36:53.132  INFO 14080 --- [restartedMain] org.hibernate.dialect.Dialect            : HHH000400: Using dialect: org.hibernate.dialect.MySQL55Dialect
2021-06-16 14:36:53.175  INFO 14080 --- [restartedMain] o.h.e.t.j.p.i.JtaPlatformInitiator       : HHH000490: Using JtaPlatform implementation: [org.hibernate.engine.transaction.jta.platform.internal.NoJtaPlatform]
2021-06-16 14:36:53.176  INFO 14080 --- [restartedMain] j.LocalContainerEntityManagerFactoryBean : Initialized JPA EntityManagerFactory for persistence unit 'default'
2021-06-16 14:36:53.344  WARN 14080 --- [restartedMain] JpaBaseConfiguration$JpaWebConfiguration : spring.jpa.open-in-view is enabled by default. Therefore, database queries may be performed during view rendering. Explicitly configure spring.jpa.open-in-view to disable this warning
2021-06-16 14:36:53.457  INFO 14080 --- [restartedMain] o.s.b.d.a.OptionalLiveReloadServer       : LiveReload server is running on port 35729
2021-06-16 14:36:53.470  INFO 14080 --- [restartedMain] o.s.b.w.embedded.tomcat.TomcatWebServer  : Tomcat started on port(s): 9001 (http) with context path ''
2021-06-16 14:36:53.478  INFO 14080 --- [restartedMain] c.a.s.g.GeneracionTurnosApplication      : Started GeneracionTurnosApplication in 1.185 seconds (JVM running for 2760.101)
2021-06-16 14:36:53.478  INFO 14080 --- [restartedMain] o.s.b.a.ApplicationAvailabilityBean      : Application availability state LivenessState changed to CORRECT
2021-06-16 14:36:53.481  INFO 14080 --- [restartedMain] .ConditionEvaluationDeltaLoggingListener : Condition evaluation unchanged
2021-06-16 14:36:53.481  INFO 14080 --- [restartedMain] o.s.b.a.ApplicationAvailabilityBean      : Application availability state ReadinessState changed to ACCEPTING_TRAFFIC
2021-06-16 14:37:31.902  INFO 14080 --- [Thread-57] o.s.b.a.ApplicationAvailabilityBean      : Application availability state ReadinessState changed from ACCEPTING_TRAFFIC to REFUSING_TRAFFIC
2021-06-16 14:37:31.928  INFO 14080 --- [Thread-57] j.LocalContainerEntityManagerFactoryBean : Closing JPA EntityManagerFactory for persistence unit 'default'
2021-06-16 14:37:31.929  INFO 14080 --- [Thread-57] com.zaxxer.hikari.HikariDataSource       : HikariPool-12 - Shutdown initiated...
2021-06-16 14:37:31.930  INFO 14080 --- [Thread-57] com.zaxxer.hikari.HikariDataSource       : HikariPool-12 - Shutdown completed.
2021-06-16 14:37:32.041  INFO 14080 --- [restartedMain] c.a.s.g.GeneracionTurnosApplication      : Starting GeneracionTurnosApplication using Java 15.0.2 on ASW4623 with PID 14080 (C:\Users\wsierra\OneDrive - Asesoftware S.A.S\Documentos\Plan semilla\Reto 1\generacionTurnos\target\classes started by wsierra in C:\Users\wsierra\OneDrive - Asesoftware S.A.S\Documentos\Plan semilla\Reto 1\generacionTurnos)
2021-06-16 14:37:32.041  INFO 14080 --- [restartedMain] c.a.s.g.GeneracionTurnosApplication      : No active profile set, falling back to default profiles: default
2021-06-16 14:37:32.264  INFO 14080 --- [restartedMain] .s.d.r.c.RepositoryConfigurationDelegate : Bootstrapping Spring Data JPA repositories in DEFAULT mode.
2021-06-16 14:37:32.296  INFO 14080 --- [restartedMain] .s.d.r.c.RepositoryConfigurationDelegate : Finished Spring Data repository scanning in 31 ms. Found 3 JPA repository interfaces.
2021-06-16 14:37:32.407  INFO 14080 --- [restartedMain] o.s.b.w.embedded.tomcat.TomcatWebServer  : Tomcat initialized with port(s): 9001 (http)
2021-06-16 14:37:32.408  INFO 14080 --- [restartedMain] o.apache.catalina.core.StandardService   : Starting service [Tomcat]
2021-06-16 14:37:32.408  INFO 14080 --- [restartedMain] org.apache.catalina.core.StandardEngine  : Starting Servlet engine: [Apache Tomcat/9.0.46]
2021-06-16 14:37:32.441  INFO 14080 --- [restartedMain] o.a.c.c.C.[Tomcat-1].[localhost].[/]     : Initializing Spring embedded WebApplicationContext
2021-06-16 14:37:32.441  INFO 14080 --- [restartedMain] w.s.c.ServletWebServerApplicationContext : Root WebApplicationContext: initialization completed in 397 ms
2021-06-16 14:37:32.480  INFO 14080 --- [restartedMain] com.zaxxer.hikari.HikariDataSource       : HikariPool-13 - Starting...
2021-06-16 14:37:32.484  INFO 14080 --- [restartedMain] com.zaxxer.hikari.HikariDataSource       : HikariPool-13 - Start completed.
2021-06-16 14:37:32.497  INFO 14080 --- [restartedMain] o.hibernate.jpa.internal.util.LogHelper  : HHH000204: Processing PersistenceUnitInfo [name: default]
2021-06-16 14:37:32.504  INFO 14080 --- [restartedMain] org.hibernate.dialect.Dialect            : HHH000400: Using dialect: org.hibernate.dialect.MySQL55Dialect
2021-06-16 14:37:32.539  INFO 14080 --- [restartedMain] o.h.e.t.j.p.i.JtaPlatformInitiator       : HHH000490: Using JtaPlatform implementation: [org.hibernate.engine.transaction.jta.platform.internal.NoJtaPlatform]
2021-06-16 14:37:32.539  INFO 14080 --- [restartedMain] j.LocalContainerEntityManagerFactoryBean : Initialized JPA EntityManagerFactory for persistence unit 'default'
2021-06-16 14:37:32.686  WARN 14080 --- [restartedMain] JpaBaseConfiguration$JpaWebConfiguration : spring.jpa.open-in-view is enabled by default. Therefore, database queries may be performed during view rendering. Explicitly configure spring.jpa.open-in-view to disable this warning
2021-06-16 14:37:32.813  INFO 14080 --- [restartedMain] o.s.b.d.a.OptionalLiveReloadServer       : LiveReload server is running on port 35729
2021-06-16 14:37:32.835  INFO 14080 --- [restartedMain] o.s.b.w.embedded.tomcat.TomcatWebServer  : Tomcat started on port(s): 9001 (http) with context path ''
2021-06-16 14:37:32.841  INFO 14080 --- [restartedMain] c.a.s.g.GeneracionTurnosApplication      : Started GeneracionTurnosApplication in 0.844 seconds (JVM running for 2799.464)
2021-06-16 14:37:32.842  INFO 14080 --- [restartedMain] o.s.b.a.ApplicationAvailabilityBean      : Application availability state LivenessState changed to CORRECT
2021-06-16 14:37:32.844  INFO 14080 --- [restartedMain] .ConditionEvaluationDeltaLoggingListener : Condition evaluation unchanged
2021-06-16 14:37:32.844  INFO 14080 --- [restartedMain] o.s.b.a.ApplicationAvailabilityBean      : Application availability state ReadinessState changed to ACCEPTING_TRAFFIC
2021-06-16 14:38:50.468  INFO 14080 --- [Thread-62] o.s.b.a.ApplicationAvailabilityBean      : Application availability state ReadinessState changed from ACCEPTING_TRAFFIC to REFUSING_TRAFFIC
2021-06-16 14:38:50.494  INFO 14080 --- [Thread-62] j.LocalContainerEntityManagerFactoryBean : Closing JPA EntityManagerFactory for persistence unit 'default'
2021-06-16 14:38:50.495  INFO 14080 --- [Thread-62] com.zaxxer.hikari.HikariDataSource       : HikariPool-13 - Shutdown initiated...
2021-06-16 14:38:50.497  INFO 14080 --- [Thread-62] com.zaxxer.hikari.HikariDataSource       : HikariPool-13 - Shutdown completed.
2021-06-16 14:38:50.604  INFO 14080 --- [restartedMain] c.a.s.g.GeneracionTurnosApplication      : Starting GeneracionTurnosApplication using Java 15.0.2 on ASW4623 with PID 14080 (C:\Users\wsierra\OneDrive - Asesoftware S.A.S\Documentos\Plan semilla\Reto 1\generacionTurnos\target\classes started by wsierra in C:\Users\wsierra\OneDrive - Asesoftware S.A.S\Documentos\Plan semilla\Reto 1\generacionTurnos)
2021-06-16 14:38:50.605  INFO 14080 --- [restartedMain] c.a.s.g.GeneracionTurnosApplication      : No active profile set, falling back to default profiles: default
2021-06-16 14:38:50.859  INFO 14080 --- [restartedMain] .s.d.r.c.RepositoryConfigurationDelegate : Bootstrapping Spring Data JPA repositories in DEFAULT mode.
2021-06-16 14:38:50.892  INFO 14080 --- [restartedMain] .s.d.r.c.RepositoryConfigurationDelegate : Finished Spring Data repository scanning in 32 ms. Found 3 JPA repository interfaces.
2021-06-16 14:38:50.988  INFO 14080 --- [restartedMain] o.s.b.w.embedded.tomcat.TomcatWebServer  : Tomcat initialized with port(s): 9001 (http)
2021-06-16 14:38:50.989  INFO 14080 --- [restartedMain] o.apache.catalina.core.StandardService   : Starting service [Tomcat]
2021-06-16 14:38:50.989  INFO 14080 --- [restartedMain] org.apache.catalina.core.StandardEngine  : Starting Servlet engine: [Apache Tomcat/9.0.46]
2021-06-16 14:38:51.020  INFO 14080 --- [restartedMain] o.a.c.c.C.[Tomcat-1].[localhost].[/]     : Initializing Spring embedded WebApplicationContext
2021-06-16 14:38:51.020  INFO 14080 --- [restartedMain] w.s.c.ServletWebServerApplicationContext : Root WebApplicationContext: initialization completed in 412 ms
2021-06-16 14:38:51.059  INFO 14080 --- [restartedMain] com.zaxxer.hikari.HikariDataSource       : HikariPool-14 - Starting...
2021-06-16 14:38:51.063  INFO 14080 --- [restartedMain] com.zaxxer.hikari.HikariDataSource       : HikariPool-14 - Start completed.
2021-06-16 14:38:51.075  INFO 14080 --- [restartedMain] o.hibernate.jpa.internal.util.LogHelper  : HHH000204: Processing PersistenceUnitInfo [name: default]
2021-06-16 14:38:51.082  INFO 14080 --- [restartedMain] org.hibernate.dialect.Dialect            : HHH000400: Using dialect: org.hibernate.dialect.MySQL55Dialect
2021-06-16 14:38:51.115  INFO 14080 --- [restartedMain] o.h.e.t.j.p.i.JtaPlatformInitiator       : HHH000490: Using JtaPlatform implementation: [org.hibernate.engine.transaction.jta.platform.internal.NoJtaPlatform]
2021-06-16 14:38:51.115  INFO 14080 --- [restartedMain] j.LocalContainerEntityManagerFactoryBean : Initialized JPA EntityManagerFactory for persistence unit 'default'
2021-06-16 14:38:51.271  WARN 14080 --- [restartedMain] JpaBaseConfiguration$JpaWebConfiguration : spring.jpa.open-in-view is enabled by default. Therefore, database queries may be performed during view rendering. Explicitly configure spring.jpa.open-in-view to disable this warning
2021-06-16 14:38:51.412  INFO 14080 --- [restartedMain] o.s.b.d.a.OptionalLiveReloadServer       : LiveReload server is running on port 35729
2021-06-16 14:38:51.440  INFO 14080 --- [restartedMain] o.s.b.w.embedded.tomcat.TomcatWebServer  : Tomcat started on port(s): 9001 (http) with context path ''
2021-06-16 14:38:51.447  INFO 14080 --- [restartedMain] c.a.s.g.GeneracionTurnosApplication      : Started GeneracionTurnosApplication in 0.885 seconds (JVM running for 2878.07)
2021-06-16 14:38:51.447  INFO 14080 --- [restartedMain] o.s.b.a.ApplicationAvailabilityBean      : Application availability state LivenessState changed to CORRECT
2021-06-16 14:38:51.449  INFO 14080 --- [restartedMain] .ConditionEvaluationDeltaLoggingListener : Condition evaluation unchanged
2021-06-16 14:38:51.449  INFO 14080 --- [restartedMain] o.s.b.a.ApplicationAvailabilityBean      : Application availability state ReadinessState changed to ACCEPTING_TRAFFIC
2021-06-16 14:40:37.894  INFO 14080 --- [Thread-67] o.s.b.a.ApplicationAvailabilityBean      : Application availability state ReadinessState changed from ACCEPTING_TRAFFIC to REFUSING_TRAFFIC
2021-06-16 14:40:37.914  INFO 14080 --- [Thread-67] j.LocalContainerEntityManagerFactoryBean : Closing JPA EntityManagerFactory for persistence unit 'default'
2021-06-16 14:40:37.915  INFO 14080 --- [Thread-67] com.zaxxer.hikari.HikariDataSource       : HikariPool-14 - Shutdown initiated...
2021-06-16 14:40:37.917  INFO 14080 --- [Thread-67] com.zaxxer.hikari.HikariDataSource       : HikariPool-14 - Shutdown completed.
2021-06-16 14:40:38.024  INFO 14080 --- [restartedMain] c.a.s.g.GeneracionTurnosApplication      : Starting GeneracionTurnosApplication using Java 15.0.2 on ASW4623 with PID 14080 (C:\Users\wsierra\OneDrive - Asesoftware S.A.S\Documentos\Plan semilla\Reto 1\generacionTurnos\target\classes started by wsierra in C:\Users\wsierra\OneDrive - Asesoftware S.A.S\Documentos\Plan semilla\Reto 1\generacionTurnos)
2021-06-16 14:40:38.024  INFO 14080 --- [restartedMain] c.a.s.g.GeneracionTurnosApplication      : No active profile set, falling back to default profiles: default
2021-06-16 14:40:38.152  INFO 14080 --- [restartedMain] .s.d.r.c.RepositoryConfigurationDelegate : Bootstrapping Spring Data JPA repositories in DEFAULT mode.
2021-06-16 14:40:38.168  INFO 14080 --- [restartedMain] .s.d.r.c.RepositoryConfigurationDelegate : Finished Spring Data repository scanning in 15 ms. Found 3 JPA repository interfaces.
2021-06-16 14:40:38.229  INFO 14080 --- [restartedMain] o.s.b.w.embedded.tomcat.TomcatWebServer  : Tomcat initialized with port(s): 9001 (http)
2021-06-16 14:40:38.229  INFO 14080 --- [restartedMain] o.apache.catalina.core.StandardService   : Starting service [Tomcat]
2021-06-16 14:40:38.229  INFO 14080 --- [restartedMain] org.apache.catalina.core.StandardEngine  : Starting Servlet engine: [Apache Tomcat/9.0.46]
2021-06-16 14:40:38.247  INFO 14080 --- [restartedMain] o.a.c.c.C.[Tomcat-1].[localhost].[/]     : Initializing Spring embedded WebApplicationContext
2021-06-16 14:40:38.247  INFO 14080 --- [restartedMain] w.s.c.ServletWebServerApplicationContext : Root WebApplicationContext: initialization completed in 222 ms
2021-06-16 14:40:38.270  INFO 14080 --- [restartedMain] com.zaxxer.hikari.HikariDataSource       : HikariPool-15 - Starting...
2021-06-16 14:40:38.272  INFO 14080 --- [restartedMain] com.zaxxer.hikari.HikariDataSource       : HikariPool-15 - Start completed.
2021-06-16 14:40:38.279  INFO 14080 --- [restartedMain] o.hibernate.jpa.internal.util.LogHelper  : HHH000204: Processing PersistenceUnitInfo [name: default]
2021-06-16 14:40:38.283  INFO 14080 --- [restartedMain] org.hibernate.dialect.Dialect            : HHH000400: Using dialect: org.hibernate.dialect.MySQL55Dialect
2021-06-16 14:40:38.308  INFO 14080 --- [restartedMain] o.h.e.t.j.p.i.JtaPlatformInitiator       : HHH000490: Using JtaPlatform implementation: [org.hibernate.engine.transaction.jta.platform.internal.NoJtaPlatform]
2021-06-16 14:40:38.308  INFO 14080 --- [restartedMain] j.LocalContainerEntityManagerFactoryBean : Initialized JPA EntityManagerFactory for persistence unit 'default'
2021-06-16 14:40:38.403  WARN 14080 --- [restartedMain] JpaBaseConfiguration$JpaWebConfiguration : spring.jpa.open-in-view is enabled by default. Therefore, database queries may be performed during view rendering. Explicitly configure spring.jpa.open-in-view to disable this warning
2021-06-16 14:40:38.462  INFO 14080 --- [restartedMain] o.s.b.d.a.OptionalLiveReloadServer       : LiveReload server is running on port 35729
2021-06-16 14:40:38.469  INFO 14080 --- [restartedMain] o.s.b.w.embedded.tomcat.TomcatWebServer  : Tomcat started on port(s): 9001 (http) with context path ''
2021-06-16 14:40:38.472  INFO 14080 --- [restartedMain] c.a.s.g.GeneracionTurnosApplication      : Started GeneracionTurnosApplication in 0.481 seconds (JVM running for 2985.095)
2021-06-16 14:40:38.472  INFO 14080 --- [restartedMain] o.s.b.a.ApplicationAvailabilityBean      : Application availability state LivenessState changed to CORRECT
2021-06-16 14:40:38.473  INFO 14080 --- [restartedMain] .ConditionEvaluationDeltaLoggingListener : Condition evaluation unchanged
2021-06-16 14:40:38.473  INFO 14080 --- [restartedMain] o.s.b.a.ApplicationAvailabilityBean      : Application availability state ReadinessState changed to ACCEPTING_TRAFFIC
2021-06-16 14:53:58.499  INFO 14080 --- [Thread-72] o.s.b.a.ApplicationAvailabilityBean      : Application availability state ReadinessState changed from ACCEPTING_TRAFFIC to REFUSING_TRAFFIC
2021-06-16 14:53:58.516  INFO 14080 --- [Thread-72] j.LocalContainerEntityManagerFactoryBean : Closing JPA EntityManagerFactory for persistence unit 'default'
2021-06-16 14:53:58.516  INFO 14080 --- [Thread-72] com.zaxxer.hikari.HikariDataSource       : HikariPool-15 - Shutdown initiated...
2021-06-16 14:53:58.517  INFO 14080 --- [Thread-72] com.zaxxer.hikari.HikariDataSource       : HikariPool-15 - Shutdown completed.
2021-06-16 14:53:58.592  INFO 14080 --- [restartedMain] c.a.s.g.GeneracionTurnosApplication      : Starting GeneracionTurnosApplication using Java 15.0.2 on ASW4623 with PID 14080 (C:\Users\wsierra\OneDrive - Asesoftware S.A.S\Documentos\Plan semilla\Reto 1\generacionTurnos\target\classes started by wsierra in C:\Users\wsierra\OneDrive - Asesoftware S.A.S\Documentos\Plan semilla\Reto 1\generacionTurnos)
2021-06-16 14:53:58.592  INFO 14080 --- [restartedMain] c.a.s.g.GeneracionTurnosApplication      : No active profile set, falling back to default profiles: default
2021-06-16 14:53:58.725  INFO 14080 --- [restartedMain] .s.d.r.c.RepositoryConfigurationDelegate : Bootstrapping Spring Data JPA repositories in DEFAULT mode.
2021-06-16 14:53:58.743  INFO 14080 --- [restartedMain] .s.d.r.c.RepositoryConfigurationDelegate : Finished Spring Data repository scanning in 18 ms. Found 3 JPA repository interfaces.
2021-06-16 14:53:58.836  INFO 14080 --- [restartedMain] o.s.b.w.embedded.tomcat.TomcatWebServer  : Tomcat initialized with port(s): 9001 (http)
2021-06-16 14:53:58.837  INFO 14080 --- [restartedMain] o.apache.catalina.core.StandardService   : Starting service [Tomcat]
2021-06-16 14:53:58.837  INFO 14080 --- [restartedMain] org.apache.catalina.core.StandardEngine  : Starting Servlet engine: [Apache Tomcat/9.0.46]
2021-06-16 14:53:58.873  INFO 14080 --- [restartedMain] o.a.c.c.C.[Tomcat-1].[localhost].[/]     : Initializing Spring embedded WebApplicationContext
2021-06-16 14:53:58.873  INFO 14080 --- [restartedMain] w.s.c.ServletWebServerApplicationContext : Root WebApplicationContext: initialization completed in 279 ms
2021-06-16 14:53:58.976  INFO 14080 --- [restartedMain] com.zaxxer.hikari.HikariDataSource       : HikariPool-16 - Starting...
2021-06-16 14:53:58.979  INFO 14080 --- [restartedMain] com.zaxxer.hikari.HikariDataSource       : HikariPool-16 - Start completed.
2021-06-16 14:53:58.995  INFO 14080 --- [restartedMain] o.hibernate.jpa.internal.util.LogHelper  : HHH000204: Processing PersistenceUnitInfo [name: default]
2021-06-16 14:53:59.012  INFO 14080 --- [restartedMain] org.hibernate.dialect.Dialect            : HHH000400: Using dialect: org.hibernate.dialect.MySQL55Dialect
2021-06-16 14:53:59.061  INFO 14080 --- [restartedMain] o.h.e.t.j.p.i.JtaPlatformInitiator       : HHH000490: Using JtaPlatform implementation: [org.hibernate.engine.transaction.jta.platform.internal.NoJtaPlatform]
2021-06-16 14:53:59.062  INFO 14080 --- [restartedMain] j.LocalContainerEntityManagerFactoryBean : Initialized JPA EntityManagerFactory for persistence unit 'default'
2021-06-16 14:53:59.194  WARN 14080 --- [restartedMain] JpaBaseConfiguration$JpaWebConfiguration : spring.jpa.open-in-view is enabled by default. Therefore, database queries may be performed during view rendering. Explicitly configure spring.jpa.open-in-view to disable this warning
2021-06-16 14:53:59.250  INFO 14080 --- [restartedMain] o.s.b.d.a.OptionalLiveReloadServer       : LiveReload server is running on port 35729
2021-06-16 14:53:59.262  INFO 14080 --- [restartedMain] o.s.b.w.embedded.tomcat.TomcatWebServer  : Tomcat started on port(s): 9001 (http) with context path ''
2021-06-16 14:53:59.266  INFO 14080 --- [restartedMain] c.a.s.g.GeneracionTurnosApplication      : Started GeneracionTurnosApplication in 0.702 seconds (JVM running for 3785.889)
2021-06-16 14:53:59.266  INFO 14080 --- [restartedMain] o.s.b.a.ApplicationAvailabilityBean      : Application availability state LivenessState changed to CORRECT
2021-06-16 14:53:59.268  INFO 14080 --- [restartedMain] .ConditionEvaluationDeltaLoggingListener : Condition evaluation unchanged
2021-06-16 14:53:59.269  INFO 14080 --- [restartedMain] o.s.b.a.ApplicationAvailabilityBean      : Application availability state ReadinessState changed to ACCEPTING_TRAFFIC
2021-06-16 14:55:22.717  INFO 14080 --- [http-nio-9001-exec-2] o.a.c.c.C.[Tomcat-1].[localhost].[/]     : Initializing Spring DispatcherServlet 'dispatcherServlet'
2021-06-16 14:55:22.718  INFO 14080 --- [http-nio-9001-exec-2] o.s.web.servlet.DispatcherServlet        : Initializing Servlet 'dispatcherServlet'
2021-06-16 14:55:22.720  INFO 14080 --- [http-nio-9001-exec-2] o.s.web.servlet.DispatcherServlet        : Completed initialization in 2 ms
2021-06-16 16:55:40.556  INFO 14080 --- [Thread-77] o.s.b.a.ApplicationAvailabilityBean      : Application availability state ReadinessState changed from ACCEPTING_TRAFFIC to REFUSING_TRAFFIC
2021-06-16 16:55:40.575  INFO 14080 --- [Thread-77] j.LocalContainerEntityManagerFactoryBean : Closing JPA EntityManagerFactory for persistence unit 'default'
2021-06-16 16:55:40.575  INFO 14080 --- [Thread-77] com.zaxxer.hikari.HikariDataSource       : HikariPool-16 - Shutdown initiated...
2021-06-16 16:55:40.577  INFO 14080 --- [Thread-77] com.zaxxer.hikari.HikariDataSource       : HikariPool-16 - Shutdown completed.
2021-06-16 16:55:40.646  INFO 14080 --- [restartedMain] c.a.s.g.GeneracionTurnosApplication      : Starting GeneracionTurnosApplication using Java 15.0.2 on ASW4623 with PID 14080 (C:\Users\wsierra\OneDrive - Asesoftware S.A.S\Documentos\Plan semilla\Reto 1\generacionTurnos\target\classes started by wsierra in C:\Users\wsierra\OneDrive - Asesoftware S.A.S\Documentos\Plan semilla\Reto 1\generacionTurnos)
2021-06-16 16:55:40.646  INFO 14080 --- [restartedMain] c.a.s.g.GeneracionTurnosApplication      : No active profile set, falling back to default profiles: default
2021-06-16 16:55:40.770  INFO 14080 --- [restartedMain] .s.d.r.c.RepositoryConfigurationDelegate : Bootstrapping Spring Data JPA repositories in DEFAULT mode.
2021-06-16 16:55:40.787  INFO 14080 --- [restartedMain] .s.d.r.c.RepositoryConfigurationDelegate : Finished Spring Data repository scanning in 17 ms. Found 3 JPA repository interfaces.
2021-06-16 16:55:40.848  INFO 14080 --- [restartedMain] o.s.b.w.embedded.tomcat.TomcatWebServer  : Tomcat initialized with port(s): 9001 (http)
2021-06-16 16:55:40.849  INFO 14080 --- [restartedMain] o.apache.catalina.core.StandardService   : Starting service [Tomcat]
2021-06-16 16:55:40.849  INFO 14080 --- [restartedMain] org.apache.catalina.core.StandardEngine  : Starting Servlet engine: [Apache Tomcat/9.0.46]
2021-06-16 16:55:40.864  INFO 14080 --- [restartedMain] o.a.c.c.C.[Tomcat-1].[localhost].[/]     : Initializing Spring embedded WebApplicationContext
2021-06-16 16:55:40.864  INFO 14080 --- [restartedMain] w.s.c.ServletWebServerApplicationContext : Root WebApplicationContext: initialization completed in 216 ms
2021-06-16 16:55:40.882  INFO 14080 --- [restartedMain] com.zaxxer.hikari.HikariDataSource       : HikariPool-17 - Starting...
2021-06-16 16:55:40.885  INFO 14080 --- [restartedMain] com.zaxxer.hikari.HikariDataSource       : HikariPool-17 - Start completed.
2021-06-16 16:55:40.891  INFO 14080 --- [restartedMain] o.hibernate.jpa.internal.util.LogHelper  : HHH000204: Processing PersistenceUnitInfo [name: default]
2021-06-16 16:55:40.896  INFO 14080 --- [restartedMain] org.hibernate.dialect.Dialect            : HHH000400: Using dialect: org.hibernate.dialect.MySQL55Dialect
2021-06-16 16:55:40.922  INFO 14080 --- [restartedMain] o.h.e.t.j.p.i.JtaPlatformInitiator       : HHH000490: Using JtaPlatform implementation: [org.hibernate.engine.transaction.jta.platform.internal.NoJtaPlatform]
2021-06-16 16:55:40.922  INFO 14080 --- [restartedMain] j.LocalContainerEntityManagerFactoryBean : Initialized JPA EntityManagerFactory for persistence unit 'default'
2021-06-16 16:55:41.026  WARN 14080 --- [restartedMain] JpaBaseConfiguration$JpaWebConfiguration : spring.jpa.open-in-view is enabled by default. Therefore, database queries may be performed during view rendering. Explicitly configure spring.jpa.open-in-view to disable this warning
2021-06-16 16:55:41.143  INFO 14080 --- [restartedMain] o.s.b.d.a.OptionalLiveReloadServer       : LiveReload server is running on port 35729
2021-06-16 16:55:41.157  INFO 14080 --- [restartedMain] o.s.b.w.embedded.tomcat.TomcatWebServer  : Tomcat started on port(s): 9001 (http) with context path ''
2021-06-16 16:55:41.162  INFO 14080 --- [restartedMain] c.a.s.g.GeneracionTurnosApplication      : Started GeneracionTurnosApplication in 0.54 seconds (JVM running for 11087.785)
2021-06-16 16:55:41.162  INFO 14080 --- [restartedMain] o.s.b.a.ApplicationAvailabilityBean      : Application availability state LivenessState changed to CORRECT
2021-06-16 16:55:41.163  INFO 14080 --- [restartedMain] .ConditionEvaluationDeltaLoggingListener : Condition evaluation unchanged
2021-06-16 16:55:41.163  INFO 14080 --- [restartedMain] o.s.b.a.ApplicationAvailabilityBean      : Application availability state ReadinessState changed to ACCEPTING_TRAFFIC
2021-06-16 16:55:46.742  INFO 14080 --- [Thread-82] o.s.b.a.ApplicationAvailabilityBean      : Application availability state ReadinessState changed from ACCEPTING_TRAFFIC to REFUSING_TRAFFIC
2021-06-16 16:55:46.764  INFO 14080 --- [Thread-82] j.LocalContainerEntityManagerFactoryBean : Closing JPA EntityManagerFactory for persistence unit 'default'
2021-06-16 16:55:46.765  INFO 14080 --- [Thread-82] com.zaxxer.hikari.HikariDataSource       : HikariPool-17 - Shutdown initiated...
2021-06-16 16:55:46.766  INFO 14080 --- [Thread-82] com.zaxxer.hikari.HikariDataSource       : HikariPool-17 - Shutdown completed.
2021-06-16 16:55:46.864  INFO 14080 --- [restartedMain] c.a.s.g.GeneracionTurnosApplication      : Starting GeneracionTurnosApplication using Java 15.0.2 on ASW4623 with PID 14080 (C:\Users\wsierra\OneDrive - Asesoftware S.A.S\Documentos\Plan semilla\Reto 1\generacionTurnos\target\classes started by wsierra in C:\Users\wsierra\OneDrive - Asesoftware S.A.S\Documentos\Plan semilla\Reto 1\generacionTurnos)
2021-06-16 16:55:46.864  INFO 14080 --- [restartedMain] c.a.s.g.GeneracionTurnosApplication      : No active profile set, falling back to default profiles: default
2021-06-16 16:55:47.071  INFO 14080 --- [restartedMain] .s.d.r.c.RepositoryConfigurationDelegate : Bootstrapping Spring Data JPA repositories in DEFAULT mode.
2021-06-16 16:55:47.102  INFO 14080 --- [restartedMain] .s.d.r.c.RepositoryConfigurationDelegate : Finished Spring Data repository scanning in 31 ms. Found 3 JPA repository interfaces.
2021-06-16 16:55:47.205  INFO 14080 --- [restartedMain] o.s.b.w.embedded.tomcat.TomcatWebServer  : Tomcat initialized with port(s): 9001 (http)
2021-06-16 16:55:47.206  INFO 14080 --- [restartedMain] o.apache.catalina.core.StandardService   : Starting service [Tomcat]
2021-06-16 16:55:47.207  INFO 14080 --- [restartedMain] org.apache.catalina.core.StandardEngine  : Starting Servlet engine: [Apache Tomcat/9.0.46]
2021-06-16 16:55:47.237  INFO 14080 --- [restartedMain] o.a.c.c.C.[Tomcat-1].[localhost].[/]     : Initializing Spring embedded WebApplicationContext
2021-06-16 16:55:47.237  INFO 14080 --- [restartedMain] w.s.c.ServletWebServerApplicationContext : Root WebApplicationContext: initialization completed in 370 ms
2021-06-16 16:55:47.277  INFO 14080 --- [restartedMain] com.zaxxer.hikari.HikariDataSource       : HikariPool-18 - Starting...
2021-06-16 16:55:47.280  INFO 14080 --- [restartedMain] com.zaxxer.hikari.HikariDataSource       : HikariPool-18 - Start completed.
2021-06-16 16:55:47.292  INFO 14080 --- [restartedMain] o.hibernate.jpa.internal.util.LogHelper  : HHH000204: Processing PersistenceUnitInfo [name: default]
2021-06-16 16:55:47.300  INFO 14080 --- [restartedMain] org.hibernate.dialect.Dialect            : HHH000400: Using dialect: org.hibernate.dialect.MySQL55Dialect
2021-06-16 16:55:47.348  INFO 14080 --- [restartedMain] o.h.e.t.j.p.i.JtaPlatformInitiator       : HHH000490: Using JtaPlatform implementation: [org.hibernate.engine.transaction.jta.platform.internal.NoJtaPlatform]
2021-06-16 16:55:47.349  INFO 14080 --- [restartedMain] j.LocalContainerEntityManagerFactoryBean : Initialized JPA EntityManagerFactory for persistence unit 'default'
2021-06-16 16:55:47.561  WARN 14080 --- [restartedMain] JpaBaseConfiguration$JpaWebConfiguration : spring.jpa.open-in-view is enabled by default. Therefore, database queries may be performed during view rendering. Explicitly configure spring.jpa.open-in-view to disable this warning
2021-06-16 16:55:47.686  INFO 14080 --- [restartedMain] o.s.b.d.a.OptionalLiveReloadServer       : LiveReload server is running on port 35729
2021-06-16 16:55:47.700  INFO 14080 --- [restartedMain] o.s.b.w.embedded.tomcat.TomcatWebServer  : Tomcat started on port(s): 9001 (http) with context path ''
2021-06-16 16:55:47.706  INFO 14080 --- [restartedMain] c.a.s.g.GeneracionTurnosApplication      : Started GeneracionTurnosApplication in 0.883 seconds (JVM running for 11094.329)
2021-06-16 16:55:47.707  INFO 14080 --- [restartedMain] o.s.b.a.ApplicationAvailabilityBean      : Application availability state LivenessState changed to CORRECT
2021-06-16 16:55:47.709  INFO 14080 --- [restartedMain] .ConditionEvaluationDeltaLoggingListener : Condition evaluation unchanged
2021-06-16 16:55:47.709  INFO 14080 --- [restartedMain] o.s.b.a.ApplicationAvailabilityBean      : Application availability state ReadinessState changed to ACCEPTING_TRAFFIC
2021-06-16 16:59:24.602  INFO 14080 --- [Thread-87] o.s.b.a.ApplicationAvailabilityBean      : Application availability state ReadinessState changed from ACCEPTING_TRAFFIC to REFUSING_TRAFFIC
2021-06-16 16:59:24.623  INFO 14080 --- [Thread-87] j.LocalContainerEntityManagerFactoryBean : Closing JPA EntityManagerFactory for persistence unit 'default'
2021-06-16 16:59:24.623  INFO 14080 --- [Thread-87] com.zaxxer.hikari.HikariDataSource       : HikariPool-18 - Shutdown initiated...
2021-06-16 16:59:24.624  INFO 14080 --- [Thread-87] com.zaxxer.hikari.HikariDataSource       : HikariPool-18 - Shutdown completed.
2021-06-16 16:59:24.695  INFO 14080 --- [restartedMain] c.a.s.g.GeneracionTurnosApplication      : Starting GeneracionTurnosApplication using Java 15.0.2 on ASW4623 with PID 14080 (C:\Users\wsierra\OneDrive - Asesoftware S.A.S\Documentos\Plan semilla\Reto 1\generacionTurnos\target\classes started by wsierra in C:\Users\wsierra\OneDrive - Asesoftware S.A.S\Documentos\Plan semilla\Reto 1\generacionTurnos)
2021-06-16 16:59:24.695  INFO 14080 --- [restartedMain] c.a.s.g.GeneracionTurnosApplication      : No active profile set, falling back to default profiles: default
2021-06-16 16:59:24.833  INFO 14080 --- [restartedMain] .s.d.r.c.RepositoryConfigurationDelegate : Bootstrapping Spring Data JPA repositories in DEFAULT mode.
2021-06-16 16:59:24.852  INFO 14080 --- [restartedMain] .s.d.r.c.RepositoryConfigurationDelegate : Finished Spring Data repository scanning in 18 ms. Found 3 JPA repository interfaces.
2021-06-16 16:59:24.913  INFO 14080 --- [restartedMain] o.s.b.w.embedded.tomcat.TomcatWebServer  : Tomcat initialized with port(s): 9001 (http)
2021-06-16 16:59:24.913  INFO 14080 --- [restartedMain] o.apache.catalina.core.StandardService   : Starting service [Tomcat]
2021-06-16 16:59:24.913  INFO 14080 --- [restartedMain] org.apache.catalina.core.StandardEngine  : Starting Servlet engine: [Apache Tomcat/9.0.46]
2021-06-16 16:59:24.931  INFO 14080 --- [restartedMain] o.a.c.c.C.[Tomcat-1].[localhost].[/]     : Initializing Spring embedded WebApplicationContext
2021-06-16 16:59:24.931  INFO 14080 --- [restartedMain] w.s.c.ServletWebServerApplicationContext : Root WebApplicationContext: initialization completed in 234 ms
2021-06-16 16:59:24.949  INFO 14080 --- [restartedMain] com.zaxxer.hikari.HikariDataSource       : HikariPool-19 - Starting...
2021-06-16 16:59:24.952  INFO 14080 --- [restartedMain] com.zaxxer.hikari.HikariDataSource       : HikariPool-19 - Start completed.
2021-06-16 16:59:24.958  INFO 14080 --- [restartedMain] o.hibernate.jpa.internal.util.LogHelper  : HHH000204: Processing PersistenceUnitInfo [name: default]
2021-06-16 16:59:24.963  INFO 14080 --- [restartedMain] org.hibernate.dialect.Dialect            : HHH000400: Using dialect: org.hibernate.dialect.MySQL55Dialect
2021-06-16 16:59:24.980  INFO 14080 --- [restartedMain] o.h.e.t.j.p.i.JtaPlatformInitiator       : HHH000490: Using JtaPlatform implementation: [org.hibernate.engine.transaction.jta.platform.internal.NoJtaPlatform]
2021-06-16 16:59:24.980  INFO 14080 --- [restartedMain] j.LocalContainerEntityManagerFactoryBean : Initialized JPA EntityManagerFactory for persistence unit 'default'
2021-06-16 16:59:25.054  WARN 14080 --- [restartedMain] JpaBaseConfiguration$JpaWebConfiguration : spring.jpa.open-in-view is enabled by default. Therefore, database queries may be performed during view rendering. Explicitly configure spring.jpa.open-in-view to disable this warning
2021-06-16 16:59:25.116  INFO 14080 --- [restartedMain] o.s.b.d.a.OptionalLiveReloadServer       : LiveReload server is running on port 35729
2021-06-16 16:59:25.124  INFO 14080 --- [restartedMain] o.s.b.w.embedded.tomcat.TomcatWebServer  : Tomcat started on port(s): 9001 (http) with context path ''
2021-06-16 16:59:25.128  INFO 14080 --- [restartedMain] c.a.s.g.GeneracionTurnosApplication      : Started GeneracionTurnosApplication in 0.459 seconds (JVM running for 11311.751)
2021-06-16 16:59:25.128  INFO 14080 --- [restartedMain] o.s.b.a.ApplicationAvailabilityBean      : Application availability state LivenessState changed to CORRECT
2021-06-16 16:59:25.130  INFO 14080 --- [restartedMain] .ConditionEvaluationDeltaLoggingListener : Condition evaluation unchanged
2021-06-16 16:59:25.130  INFO 14080 --- [restartedMain] o.s.b.a.ApplicationAvailabilityBean      : Application availability state ReadinessState changed to ACCEPTING_TRAFFIC
2021-06-16 16:59:45.884  INFO 14080 --- [RMI TCP Connection(248)-127.0.0.1] inMXBeanRegistrar$SpringApplicationAdmin : Application shutdown requested.
2021-06-16 16:59:45.884  INFO 14080 --- [RMI TCP Connection(248)-127.0.0.1] o.s.b.a.ApplicationAvailabilityBean      : Application availability state ReadinessState changed from ACCEPTING_TRAFFIC to REFUSING_TRAFFIC
